<?xml version="1.0" encoding="UTF-8" standalone="no"?>
<!DOCTYPE log SYSTEM "logger.dtd">
<log>
<record>
  <date>2015-10-28T15:05:16</date>
  <millis>1446041116382</millis>
  <sequence>4</sequence>
  <logger>ESPlorer.ESPlorer</logger>
  <level>INFO</level>
  <class>ESPlorer.ESPlorer</class>
  <method>log</method>
  <thread>17</thread>
  <message>Set new color theme: Success.</message>
</record>
<record>
  <date>2015-10-28T15:05:16</date>
  <millis>1446041116385</millis>
  <sequence>5</sequence>
  <logger>ESPlorer.ESPlorer</logger>
  <level>INFO</level>
  <class>ESPlorer.ESPlorer</class>
  <method>log</method>
  <thread>17</thread>
  <message>Load saved settings: DONE.</message>
</record>
<record>
  <date>2015-10-28T15:05:16</date>
  <millis>1446041116386</millis>
  <sequence>6</sequence>
  <logger>ESPlorer.ESPlorer</logger>
  <level>INFO</level>
  <class>ESPlorer.ESPlorer</class>
  <method>log</method>
  <thread>17</thread>
  <message>Snippets (LUA): loading...</message>
</record>
<record>
  <date>2015-10-28T15:05:16</date>
  <millis>1446041116387</millis>
  <sequence>7</sequence>
  <logger>ESPlorer.ESPlorer</logger>
  <level>INFO</level>
  <class>ESPlorer.ESPlorer</class>
  <method>log</method>
  <thread>17</thread>
  <message>Snippets (LUA) load: Success.</message>
</record>
<record>
  <date>2015-10-28T15:05:16</date>
  <millis>1446041116694</millis>
  <sequence>8</sequence>
  <logger>ESPlorer.ESPlorer</logger>
  <level>INFO</level>
  <class>ESPlorer.ESPlorer</class>
  <method>log</method>
  <thread>17</thread>
  <message>Scan system...</message>
</record>
<record>
  <date>2015-10-28T15:05:16</date>
  <millis>1446041116720</millis>
  <sequence>9</sequence>
  <logger>ESPlorer.ESPlorer</logger>
  <level>INFO</level>
  <class>ESPlorer.ESPlorer</class>
  <method>log</method>
  <thread>17</thread>
  <message>found last saved serial port /dev/cu.Bluetooth-Incoming-Port</message>
</record>
<record>
  <date>2015-10-28T15:05:16</date>
  <millis>1446041116720</millis>
  <sequence>10</sequence>
  <logger>ESPlorer.ESPlorer</logger>
  <level>INFO</level>
  <class>ESPlorer.ESPlorer</class>
  <method>log</method>
  <thread>17</thread>
  <message>found /dev/cu.Bluetooth-Modem</message>
</record>
<record>
  <date>2015-10-28T15:05:16</date>
  <millis>1446041116721</millis>
  <sequence>11</sequence>
  <logger>ESPlorer.ESPlorer</logger>
  <level>INFO</level>
  <class>ESPlorer.ESPlorer</class>
  <method>log</method>
  <thread>17</thread>
  <message>found /dev/cu.SLAB_USBtoUART</message>
</record>
<record>
  <date>2015-10-28T15:05:16</date>
  <millis>1446041116722</millis>
  <sequence>12</sequence>
  <logger>ESPlorer.ESPlorer</logger>
  <level>INFO</level>
  <class>ESPlorer.ESPlorer</class>
  <method>log</method>
  <thread>17</thread>
  <message>Scan done.</message>
</record>
<record>
  <date>2015-10-28T15:05:16</date>
  <millis>1446041116976</millis>
  <sequence>13</sequence>
  <logger>ESPlorer.ESPlorer</logger>
  <level>INFO</level>
  <class>ESPlorer.ESPlorer</class>
  <method>log</method>
  <thread>17</thread>
  <message>DataSender: Serial port not open, operation FAILED.</message>
</record>
<record>
  <date>2015-10-28T15:05:22</date>
  <millis>1446041122254</millis>
  <sequence>14</sequence>
  <logger>ESPlorer.ESPlorer</logger>
  <level>INFO</level>
  <class>ESPlorer.ESPlorer</class>
  <method>log</method>
  <thread>17</thread>
  <message>Serial port /dev/cu.SLAB_USBtoUART save as default.</message>
</record>
<record>
  <date>2015-10-28T15:05:22</date>
  <millis>1446041122255</millis>
  <sequence>15</sequence>
  <logger>ESPlorer.ESPlorer</logger>
  <level>INFO</level>
  <class>ESPlorer.ESPlorer</class>
  <method>log</method>
  <thread>17</thread>
  <message>Baud rate 9600 save as default.</message>
</record>
<record>
  <date>2015-10-28T15:05:22</date>
  <millis>1446041122255</millis>
  <sequence>16</sequence>
  <logger>ESPlorer.ESPlorer</logger>
  <level>INFO</level>
  <class>ESPlorer.ESPlorer</class>
  <method>log</method>
  <thread>17</thread>
  <message>Try to open port /dev/cu.SLAB_USBtoUART, baud 9600, 8N1</message>
</record>
<record>
  <date>2015-10-28T15:05:22</date>
  <millis>1446041122264</millis>
  <sequence>17</sequence>
  <logger>ESPlorer.ESPlorer</logger>
  <level>INFO</level>
  <class>ESPlorer.ESPlorer</class>
  <method>log</method>
  <thread>17</thread>
  <message>Open port /dev/cu.SLAB_USBtoUART - Success.</message>
</record>
<record>
  <date>2015-10-28T15:05:22</date>
  <millis>1446041122274</millis>
  <sequence>18</sequence>
  <logger>ESPlorer.ESPlorer</logger>
  <level>INFO</level>
  <class>ESPlorer.ESPlorer</class>
  <method>log</method>
  <thread>17</thread>
  <message>sending:&lt;CR&gt;&lt;LF&gt;</message>
</record>
<record>
  <date>2015-10-28T15:05:22</date>
  <millis>1446041122366</millis>
  <sequence>19</sequence>
  <logger>ESPlorer.ESPlorer</logger>
  <level>INFO</level>
  <class>ESPlorer.ESPlorer</class>
  <method>log</method>
  <thread>24</thread>
  <message>
Communication with MCU established.</message>
</record>
<record>
  <date>2015-10-28T15:05:30</date>
  <millis>1446041130493</millis>
  <sequence>20</sequence>
  <logger>ESPlorer.ESPlorer</logger>
  <level>INFO</level>
  <class>ESPlorer.ESPlorer</class>
  <method>log</method>
  <thread>17</thread>
  <message>DataSender: start "Smart Mode"</message>
</record>
<record>
  <date>2015-10-28T15:05:30</date>
  <millis>1446041130496</millis>
  <sequence>21</sequence>
  <logger>ESPlorer.ESPlorer</logger>
  <level>INFO</level>
  <class>ESPlorer.ESPlorer</class>
  <method>log</method>
  <thread>17</thread>
  <message>SendToESP: Starting...</message>
</record>
<record>
  <date>2015-10-28T15:05:30</date>
  <millis>1446041130574</millis>
  <sequence>22</sequence>
  <logger>ESPlorer.ESPlorer</logger>
  <level>INFO</level>
  <class>ESPlorer.ESPlorer</class>
  <method>log</method>
  <thread>17</thread>
  <message>sending:&lt;CR&gt;&lt;LF&gt;</message>
</record>
<record>
  <date>2015-10-28T15:05:30</date>
  <millis>1446041130632</millis>
  <sequence>23</sequence>
  <logger>ESPlorer.ESPlorer</logger>
  <level>INFO</level>
  <class>ESPlorer.ESPlorer</class>
  <method>log</method>
  <thread>25</thread>
  <message>recv:</message>
</record>
<record>
  <date>2015-10-28T15:05:30</date>
  <millis>1446041130651</millis>
  <sequence>24</sequence>
  <logger>ESPlorer.ESPlorer</logger>
  <level>INFO</level>
  <class>ESPlorer.ESPlorer</class>
  <method>log</method>
  <thread>25</thread>
  <message>Operation done. Duration = 163 ms</message>
</record>
<record>
  <date>2015-10-28T15:05:33</date>
  <millis>1446041133182</millis>
  <sequence>25</sequence>
  <logger>ESPlorer.ESPlorer</logger>
  <level>INFO</level>
  <class>ESPlorer.ESPlorer</class>
  <method>log</method>
  <thread>17</thread>
  <message>DataSender: start "Smart Mode"</message>
</record>
<record>
  <date>2015-10-28T15:05:33</date>
  <millis>1446041133184</millis>
  <sequence>26</sequence>
  <logger>ESPlorer.ESPlorer</logger>
  <level>INFO</level>
  <class>ESPlorer.ESPlorer</class>
  <method>log</method>
  <thread>17</thread>
  <message>SendToESP: Starting...</message>
</record>
<record>
  <date>2015-10-28T15:05:33</date>
  <millis>1446041133267</millis>
  <sequence>27</sequence>
  <logger>ESPlorer.ESPlorer</logger>
  <level>INFO</level>
  <class>ESPlorer.ESPlorer</class>
  <method>log</method>
  <thread>17</thread>
  <message>sending:&lt;CR&gt;&lt;LF&gt;</message>
</record>
<record>
  <date>2015-10-28T15:05:33</date>
  <millis>1446041133316</millis>
  <sequence>28</sequence>
  <logger>ESPlorer.ESPlorer</logger>
  <level>INFO</level>
  <class>ESPlorer.ESPlorer</class>
  <method>log</method>
  <thread>27</thread>
  <message>recv:</message>
</record>
<record>
  <date>2015-10-28T15:05:33</date>
  <millis>1446041133323</millis>
  <sequence>29</sequence>
  <logger>ESPlorer.ESPlorer</logger>
  <level>INFO</level>
  <class>ESPlorer.ESPlorer</class>
  <method>log</method>
  <thread>27</thread>
  <message>Operation done. Duration = 145 ms</message>
</record>
<record>
  <date>2015-10-28T15:05:33</date>
  <millis>1446041133944</millis>
  <sequence>30</sequence>
  <logger>ESPlorer.ESPlorer</logger>
  <level>INFO</level>
  <class>ESPlorer.ESPlorer</class>
  <method>log</method>
  <thread>17</thread>
  <message>DataSender: start "Smart Mode"</message>
</record>
<record>
  <date>2015-10-28T15:05:33</date>
  <millis>1446041133945</millis>
  <sequence>31</sequence>
  <logger>ESPlorer.ESPlorer</logger>
  <level>INFO</level>
  <class>ESPlorer.ESPlorer</class>
  <method>log</method>
  <thread>17</thread>
  <message>SendToESP: Starting...</message>
</record>
<record>
  <date>2015-10-28T15:05:34</date>
  <millis>1446041134032</millis>
  <sequence>32</sequence>
  <logger>ESPlorer.ESPlorer</logger>
  <level>INFO</level>
  <class>ESPlorer.ESPlorer</class>
  <method>log</method>
  <thread>17</thread>
  <message>sending:&lt;CR&gt;&lt;LF&gt;</message>
</record>
<record>
  <date>2015-10-28T15:05:34</date>
  <millis>1446041134116</millis>
  <sequence>33</sequence>
  <logger>ESPlorer.ESPlorer</logger>
  <level>INFO</level>
  <class>ESPlorer.ESPlorer</class>
  <method>log</method>
  <thread>29</thread>
  <message>recv:</message>
</record>
<record>
  <date>2015-10-28T15:05:34</date>
  <millis>1446041134133</millis>
  <sequence>34</sequence>
  <logger>ESPlorer.ESPlorer</logger>
  <level>INFO</level>
  <class>ESPlorer.ESPlorer</class>
  <method>log</method>
  <thread>29</thread>
  <message>Operation done. Duration = 191 ms</message>
</record>
<record>
  <date>2015-10-28T15:05:40</date>
  <millis>1446041140771</millis>
  <sequence>35</sequence>
  <logger>ESPlorer.ESPlorer</logger>
  <level>INFO</level>
  <class>ESPlorer.ESPlorer</class>
  <method>log</method>
  <thread>17</thread>
  <message>sending:AT+CWMODE=?&lt;CR&gt;&lt;LF&gt;</message>
</record>
<record>
  <date>2015-10-28T15:05:43</date>
  <millis>1446041143326</millis>
  <sequence>36</sequence>
  <logger>ESPlorer.ESPlorer</logger>
  <level>INFO</level>
  <class>ESPlorer.ESPlorer</class>
  <method>log</method>
  <thread>17</thread>
  <message>sending:AT+CWMODE=1&lt;CR&gt;&lt;LF&gt;</message>
</record>
<record>
  <date>2015-10-28T15:05:44</date>
  <millis>1446041144429</millis>
  <sequence>37</sequence>
  <logger>ESPlorer.ESPlorer</logger>
  <level>INFO</level>
  <class>ESPlorer.ESPlorer</class>
  <method>log</method>
  <thread>17</thread>
  <message>sending:AT+CWMODE=2&lt;CR&gt;&lt;LF&gt;</message>
</record>
<record>
  <date>2015-10-28T15:05:47</date>
  <millis>1446041147016</millis>
  <sequence>38</sequence>
  <logger>ESPlorer.ESPlorer</logger>
  <level>INFO</level>
  <class>ESPlorer.ESPlorer</class>
  <method>log</method>
  <thread>17</thread>
  <message>sending:AT+CWMODE=?&lt;CR&gt;&lt;LF&gt;</message>
</record>
<record>
  <date>2015-10-28T15:05:49</date>
  <millis>1446041149400</millis>
  <sequence>39</sequence>
  <logger>ESPlorer.ESPlorer</logger>
  <level>INFO</level>
  <class>ESPlorer.ESPlorer</class>
  <method>log</method>
  <thread>17</thread>
  <message>sending:AT+CWJAP?&lt;CR&gt;&lt;LF&gt;</message>
</record>
<record>
  <date>2015-10-28T15:06:05</date>
  <millis>1446041165149</millis>
  <sequence>40</sequence>
  <logger>ESPlorer.ESPlorer</logger>
  <level>INFO</level>
  <class>ESPlorer.ESPlorer</class>
  <method>log</method>
  <thread>17</thread>
  <message>sending:node.restart()&lt;CR&gt;&lt;LF&gt;</message>
</record>
<record>
  <date>2015-10-28T15:06:05</date>
  <millis>1446041165151</millis>
  <sequence>41</sequence>
  <logger>ESPlorer.ESPlorer</logger>
  <level>INFO</level>
  <class>ESPlorer.ESPlorer</class>
  <method>log</method>
  <thread>17</thread>
  <message>Try to reconnect with saved baud 9600...</message>
</record>
<record>
  <date>2015-10-28T15:06:05</date>
  <millis>1446041165153</millis>
  <sequence>42</sequence>
  <logger>ESPlorer.ESPlorer</logger>
  <level>INFO</level>
  <class>ESPlorer.ESPlorer</class>
  <method>log</method>
  <thread>17</thread>
  <message>Reconnect: Success. Now we waiting for ESP reboot...</message>
</record>
<record>
  <date>2015-10-28T15:06:07</date>
  <millis>1446041167165</millis>
  <sequence>43</sequence>
  <logger>ESPlorer.ESPlorer</logger>
  <level>INFO</level>
  <class>ESPlorer.ESPlorer</class>
  <method>log</method>
  <thread>17</thread>
  <message>sending:&lt;CR&gt;&lt;LF&gt;</message>
</record>
<record>
  <date>2015-10-28T15:06:07</date>
  <millis>1446041167206</millis>
  <sequence>44</sequence>
  <logger>ESPlorer.ESPlorer</logger>
  <level>INFO</level>
  <class>ESPlorer.ESPlorer</class>
  <method>log</method>
  <thread>30</thread>
  <message>
Communication with MCU established.</message>
</record>
<record>
  <date>2015-10-28T15:06:34</date>
  <millis>1446041194782</millis>
  <sequence>45</sequence>
  <logger>ESPlorer.ESPlorer</logger>
  <level>INFO</level>
  <class>ESPlorer.ESPlorer</class>
  <method>log</method>
  <thread>17</thread>
  <message>Uploader: chooser selected file:0</message>
</record>
<record>
  <date>2015-10-28T15:06:34</date>
  <millis>1446041194783</millis>
  <sequence>46</sequence>
  <logger>ESPlorer.ESPlorer</logger>
  <level>INFO</level>
  <class>ESPlorer.ESPlorer</class>
  <method>log</method>
  <thread>17</thread>
  <message>BinaryFileLoader: Try to load file init.lua ...</message>
</record>
<record>
  <date>2015-10-28T15:06:34</date>
  <millis>1446041194785</millis>
  <sequence>47</sequence>
  <logger>ESPlorer.ESPlorer</logger>
  <level>INFO</level>
  <class>ESPlorer.ESPlorer</class>
  <method>log</method>
  <thread>17</thread>
  <message>BinaryFileLoader: Load file init.lua: Success, size:56</message>
</record>
<record>
  <date>2015-10-28T15:06:34</date>
  <millis>1446041194786</millis>
  <sequence>48</sequence>
  <logger>ESPlorer.ESPlorer</logger>
  <level>INFO</level>
  <class>ESPlorer.ESPlorer</class>
  <method>log</method>
  <thread>17</thread>
  <message>1. packets = 0</message>
</record>
<record>
  <date>2015-10-28T15:06:34</date>
  <millis>1446041194786</millis>
  <sequence>49</sequence>
  <logger>ESPlorer.ESPlorer</logger>
  <level>INFO</level>
  <class>ESPlorer.ESPlorer</class>
  <method>log</method>
  <thread>17</thread>
  <message>2. packets = 1</message>
</record>
<record>
  <date>2015-10-28T15:06:34</date>
  <millis>1446041194786</millis>
  <sequence>50</sequence>
  <logger>ESPlorer.ESPlorer</logger>
  <level>INFO</level>
  <class>ESPlorer.ESPlorer</class>
  <method>log</method>
  <thread>17</thread>
  <message>3. packet = 0</message>
</record>
<record>
  <date>2015-10-28T15:06:34</date>
  <millis>1446041194787</millis>
  <sequence>51</sequence>
  <logger>ESPlorer.ESPlorer</logger>
  <level>INFO</level>
  <class>ESPlorer.ESPlorer</class>
  <method>log</method>
  <thread>17</thread>
  <message>BinaryFileLoader: Prepare next packet for send, len=56</message>
</record>
<record>
  <date>2015-10-28T15:06:34</date>
  <millis>1446041194787</millis>
  <sequence>52</sequence>
  <logger>ESPlorer.ESPlorer</logger>
  <level>INFO</level>
  <class>ESPlorer.ESPlorer</class>
  <method>log</method>
  <thread>17</thread>
  <message>BinaryFileLoader: Total packets prepared=1</message>
</record>
<record>
  <date>2015-10-28T15:06:34</date>
  <millis>1446041194788</millis>
  <sequence>53</sequence>
  <logger>ESPlorer.ESPlorer</logger>
  <level>INFO</level>
  <class>ESPlorer.ESPlorer</class>
  <method>log</method>
  <thread>17</thread>
  <message>sendPackets=1</message>
</record>
<record>
  <date>2015-10-28T15:06:34</date>
  <millis>1446041194788</millis>
  <sequence>54</sequence>
  <logger>ESPlorer.ESPlorer</logger>
  <level>INFO</level>
  <class>ESPlorer.ESPlorer</class>
  <method>log</method>
  <thread>17</thread>
  <message>Uploader: Starting...</message>
</record>
<record>
  <date>2015-10-28T15:06:34</date>
  <millis>1446041194791</millis>
  <sequence>55</sequence>
  <logger>ESPlorer.ESPlorer</logger>
  <level>INFO</level>
  <class>ESPlorer.ESPlorer</class>
  <method>log</method>
  <thread>17</thread>
  <message>Uploader: Add EventListener: Success.</message>
</record>
<record>
  <date>2015-10-28T15:06:34</date>
  <millis>1446041194791</millis>
  <sequence>56</sequence>
  <logger>ESPlorer.ESPlorer</logger>
  <level>INFO</level>
  <class>ESPlorer.ESPlorer</class>
  <method>log</method>
  <thread>17</thread>
  <message>Uploader: Start</message>
</record>
<record>
  <date>2015-10-28T15:06:34</date>
  <millis>1446041194898</millis>
  <sequence>57</sequence>
  <logger>ESPlorer.ESPlorer</logger>
  <level>INFO</level>
  <class>ESPlorer.ESPlorer</class>
  <method>log</method>
  <thread>17</thread>
  <message>sending: _up=function(n,l,ll) local cs = 0 local i = 0 print("&gt;".." ") uart.on("data", l, function(b) i = i + 1 file.open("init.lua",'a+') file.write(b) file.close() cs=0 for j=1, l do cs = cs + (b:byte(j)*20)%19 end</message>
</record>
<record>
  <date>2015-10-28T15:06:35</date>
  <millis>1446041195254</millis>
  <sequence>58</sequence>
  <logger>ESPlorer.ESPlorer</logger>
  <level>INFO</level>
  <class>ESPlorer.ESPlorer</class>
  <method>log</method>
  <thread>17</thread>
  <message>sending:          uart.write(0,"~~~CRC-".."START~~~"..cs.."~~~CRC-".."END~~~") if i == n then uart.on("data") end if i == n-1 and ll&gt;0 then _up(1,ll,ll) end end,0) end file.remove("init.lua")</message>
</record>
<record>
  <date>2015-10-28T15:06:35</date>
  <millis>1446041195649</millis>
  <sequence>59</sequence>
  <logger>ESPlorer.ESPlorer</logger>
  <level>INFO</level>
  <class>ESPlorer.ESPlorer</class>
  <method>log</method>
  <thread>17</thread>
  <message>sending:_up(1,56,56)</message>
</record>
<record>
  <date>2015-10-28T15:06:36</date>
  <millis>1446041196052</millis>
  <sequence>60</sequence>
  <logger>ESPlorer.ESPlorer</logger>
  <level>INFO</level>
  <class>ESPlorer.ESPlorer</class>
  <method>log</method>
  <thread>39</thread>
  <message>Uploader: receiving checksum 1/1 check: Success</message>
</record>
<record>
  <date>2015-10-28T15:06:36</date>
  <millis>1446041196053</millis>
  <sequence>61</sequence>
  <logger>ESPlorer.ESPlorer</logger>
  <level>INFO</level>
  <class>ESPlorer.ESPlorer</class>
  <method>log</method>
  <thread>39</thread>
  <message>sending:_up=nil</message>
</record>
<record>
  <date>2015-10-28T15:06:36</date>
  <millis>1446041196055</millis>
  <sequence>62</sequence>
  <logger>ESPlorer.ESPlorer</logger>
  <level>INFO</level>
  <class>ESPlorer.ESPlorer</class>
  <method>log</method>
  <thread>39</thread>
  <message>Uploader: Success</message>
</record>
<record>
  <date>2015-10-28T15:06:36</date>
  <millis>1446041196061</millis>
  <sequence>63</sequence>
  <logger>ESPlorer.ESPlorer</logger>
  <level>INFO</level>
  <class>ESPlorer.ESPlorer</class>
  <method>log</method>
  <thread>39</thread>
  <message>Operation done. Duration = 1273 ms</message>
</record>
<record>
  <date>2015-10-28T15:06:45</date>
  <millis>1446041205811</millis>
  <sequence>64</sequence>
  <logger>ESPlorer.ESPlorer</logger>
  <level>INFO</level>
  <class>ESPlorer.ESPlorer</class>
  <method>log</method>
  <thread>17</thread>
  <message>Uploader: chooser selected file:0</message>
</record>
<record>
  <date>2015-10-28T15:06:45</date>
  <millis>1446041205812</millis>
  <sequence>65</sequence>
  <logger>ESPlorer.ESPlorer</logger>
  <level>INFO</level>
  <class>ESPlorer.ESPlorer</class>
  <method>log</method>
  <thread>17</thread>
  <message>BinaryFileLoader: Try to load file freewifi.lua ...</message>
</record>
<record>
  <date>2015-10-28T15:06:45</date>
  <millis>1446041205815</millis>
  <sequence>66</sequence>
  <logger>ESPlorer.ESPlorer</logger>
  <level>INFO</level>
  <class>ESPlorer.ESPlorer</class>
  <method>log</method>
  <thread>17</thread>
  <message>BinaryFileLoader: Load file freewifi.lua: Success, size:1815</message>
</record>
<record>
  <date>2015-10-28T15:06:45</date>
  <millis>1446041205815</millis>
  <sequence>67</sequence>
  <logger>ESPlorer.ESPlorer</logger>
  <level>INFO</level>
  <class>ESPlorer.ESPlorer</class>
  <method>log</method>
  <thread>17</thread>
  <message>1. packets = 7</message>
</record>
<record>
  <date>2015-10-28T15:06:45</date>
  <millis>1446041205815</millis>
  <sequence>68</sequence>
  <logger>ESPlorer.ESPlorer</logger>
  <level>INFO</level>
  <class>ESPlorer.ESPlorer</class>
  <method>log</method>
  <thread>17</thread>
  <message>2. packets = 8</message>
</record>
<record>
  <date>2015-10-28T15:06:45</date>
  <millis>1446041205815</millis>
  <sequence>69</sequence>
  <logger>ESPlorer.ESPlorer</logger>
  <level>INFO</level>
  <class>ESPlorer.ESPlorer</class>
  <method>log</method>
  <thread>17</thread>
  <message>3. packet = 0</message>
</record>
<record>
  <date>2015-10-28T15:06:45</date>
  <millis>1446041205816</millis>
  <sequence>70</sequence>
  <logger>ESPlorer.ESPlorer</logger>
  <level>INFO</level>
  <class>ESPlorer.ESPlorer</class>
  <method>log</method>
  <thread>17</thread>
  <message>BinaryFileLoader: Prepare next packet for send, len=250</message>
</record>
<record>
  <date>2015-10-28T15:06:45</date>
  <millis>1446041205816</millis>
  <sequence>71</sequence>
  <logger>ESPlorer.ESPlorer</logger>
  <level>INFO</level>
  <class>ESPlorer.ESPlorer</class>
  <method>log</method>
  <thread>17</thread>
  <message>3. packet = 1</message>
</record>
<record>
  <date>2015-10-28T15:06:45</date>
  <millis>1446041205816</millis>
  <sequence>72</sequence>
  <logger>ESPlorer.ESPlorer</logger>
  <level>INFO</level>
  <class>ESPlorer.ESPlorer</class>
  <method>log</method>
  <thread>17</thread>
  <message>BinaryFileLoader: Prepare next packet for send, len=250</message>
</record>
<record>
  <date>2015-10-28T15:06:45</date>
  <millis>1446041205817</millis>
  <sequence>73</sequence>
  <logger>ESPlorer.ESPlorer</logger>
  <level>INFO</level>
  <class>ESPlorer.ESPlorer</class>
  <method>log</method>
  <thread>17</thread>
  <message>3. packet = 2</message>
</record>
<record>
  <date>2015-10-28T15:06:45</date>
  <millis>1446041205817</millis>
  <sequence>74</sequence>
  <logger>ESPlorer.ESPlorer</logger>
  <level>INFO</level>
  <class>ESPlorer.ESPlorer</class>
  <method>log</method>
  <thread>17</thread>
  <message>BinaryFileLoader: Prepare next packet for send, len=250</message>
</record>
<record>
  <date>2015-10-28T15:06:45</date>
  <millis>1446041205818</millis>
  <sequence>75</sequence>
  <logger>ESPlorer.ESPlorer</logger>
  <level>INFO</level>
  <class>ESPlorer.ESPlorer</class>
  <method>log</method>
  <thread>17</thread>
  <message>3. packet = 3</message>
</record>
<record>
  <date>2015-10-28T15:06:45</date>
  <millis>1446041205818</millis>
  <sequence>76</sequence>
  <logger>ESPlorer.ESPlorer</logger>
  <level>INFO</level>
  <class>ESPlorer.ESPlorer</class>
  <method>log</method>
  <thread>17</thread>
  <message>BinaryFileLoader: Prepare next packet for send, len=250</message>
</record>
<record>
  <date>2015-10-28T15:06:45</date>
  <millis>1446041205818</millis>
  <sequence>77</sequence>
  <logger>ESPlorer.ESPlorer</logger>
  <level>INFO</level>
  <class>ESPlorer.ESPlorer</class>
  <method>log</method>
  <thread>17</thread>
  <message>3. packet = 4</message>
</record>
<record>
  <date>2015-10-28T15:06:45</date>
  <millis>1446041205819</millis>
  <sequence>78</sequence>
  <logger>ESPlorer.ESPlorer</logger>
  <level>INFO</level>
  <class>ESPlorer.ESPlorer</class>
  <method>log</method>
  <thread>17</thread>
  <message>BinaryFileLoader: Prepare next packet for send, len=250</message>
</record>
<record>
  <date>2015-10-28T15:06:45</date>
  <millis>1446041205819</millis>
  <sequence>79</sequence>
  <logger>ESPlorer.ESPlorer</logger>
  <level>INFO</level>
  <class>ESPlorer.ESPlorer</class>
  <method>log</method>
  <thread>17</thread>
  <message>3. packet = 5</message>
</record>
<record>
  <date>2015-10-28T15:06:45</date>
  <millis>1446041205819</millis>
  <sequence>80</sequence>
  <logger>ESPlorer.ESPlorer</logger>
  <level>INFO</level>
  <class>ESPlorer.ESPlorer</class>
  <method>log</method>
  <thread>17</thread>
  <message>BinaryFileLoader: Prepare next packet for send, len=250</message>
</record>
<record>
  <date>2015-10-28T15:06:45</date>
  <millis>1446041205819</millis>
  <sequence>81</sequence>
  <logger>ESPlorer.ESPlorer</logger>
  <level>INFO</level>
  <class>ESPlorer.ESPlorer</class>
  <method>log</method>
  <thread>17</thread>
  <message>3. packet = 6</message>
</record>
<record>
  <date>2015-10-28T15:06:45</date>
  <millis>1446041205820</millis>
  <sequence>82</sequence>
  <logger>ESPlorer.ESPlorer</logger>
  <level>INFO</level>
  <class>ESPlorer.ESPlorer</class>
  <method>log</method>
  <thread>17</thread>
  <message>BinaryFileLoader: Prepare next packet for send, len=250</message>
</record>
<record>
  <date>2015-10-28T15:06:45</date>
  <millis>1446041205820</millis>
  <sequence>83</sequence>
  <logger>ESPlorer.ESPlorer</logger>
  <level>INFO</level>
  <class>ESPlorer.ESPlorer</class>
  <method>log</method>
  <thread>17</thread>
  <message>3. packet = 7</message>
</record>
<record>
  <date>2015-10-28T15:06:45</date>
  <millis>1446041205820</millis>
  <sequence>84</sequence>
  <logger>ESPlorer.ESPlorer</logger>
  <level>INFO</level>
  <class>ESPlorer.ESPlorer</class>
  <method>log</method>
  <thread>17</thread>
  <message>BinaryFileLoader: Prepare next packet for send, len=65</message>
</record>
<record>
  <date>2015-10-28T15:06:45</date>
  <millis>1446041205820</millis>
  <sequence>85</sequence>
  <logger>ESPlorer.ESPlorer</logger>
  <level>INFO</level>
  <class>ESPlorer.ESPlorer</class>
  <method>log</method>
  <thread>17</thread>
  <message>BinaryFileLoader: Total packets prepared=8</message>
</record>
<record>
  <date>2015-10-28T15:06:45</date>
  <millis>1446041205821</millis>
  <sequence>86</sequence>
  <logger>ESPlorer.ESPlorer</logger>
  <level>INFO</level>
  <class>ESPlorer.ESPlorer</class>
  <method>log</method>
  <thread>17</thread>
  <message>sendPackets=8</message>
</record>
<record>
  <date>2015-10-28T15:06:45</date>
  <millis>1446041205821</millis>
  <sequence>87</sequence>
  <logger>ESPlorer.ESPlorer</logger>
  <level>INFO</level>
  <class>ESPlorer.ESPlorer</class>
  <method>log</method>
  <thread>17</thread>
  <message>Uploader: Starting...</message>
</record>
<record>
  <date>2015-10-28T15:06:45</date>
  <millis>1446041205856</millis>
  <sequence>88</sequence>
  <logger>ESPlorer.ESPlorer</logger>
  <level>INFO</level>
  <class>ESPlorer.ESPlorer</class>
  <method>log</method>
  <thread>17</thread>
  <message>Uploader: Add EventListener: Success.</message>
</record>
<record>
  <date>2015-10-28T15:06:45</date>
  <millis>1446041205857</millis>
  <sequence>89</sequence>
  <logger>ESPlorer.ESPlorer</logger>
  <level>INFO</level>
  <class>ESPlorer.ESPlorer</class>
  <method>log</method>
  <thread>17</thread>
  <message>Uploader: Start</message>
</record>
<record>
  <date>2015-10-28T15:06:45</date>
  <millis>1446041205934</millis>
  <sequence>90</sequence>
  <logger>ESPlorer.ESPlorer</logger>
  <level>INFO</level>
  <class>ESPlorer.ESPlorer</class>
  <method>log</method>
  <thread>17</thread>
  <message>sending: _up=function(n,l,ll) local cs = 0 local i = 0 print("&gt;".." ") uart.on("data", l, function(b) i = i + 1 file.open("freewifi.lua",'a+') file.write(b) file.close() cs=0 for j=1, l do cs = cs + (b:byte(j)*20)%19 end</message>
</record>
<record>
  <date>2015-10-28T15:06:46</date>
  <millis>1446041206303</millis>
  <sequence>91</sequence>
  <logger>ESPlorer.ESPlorer</logger>
  <level>INFO</level>
  <class>ESPlorer.ESPlorer</class>
  <method>log</method>
  <thread>17</thread>
  <message>sending:          uart.write(0,"~~~CRC-".."START~~~"..cs.."~~~CRC-".."END~~~") if i == n then uart.on("data") end if i == n-1 and ll&gt;0 then _up(1,ll,ll) end end,0) end file.remove("freewifi.lua")</message>
</record>
<record>
  <date>2015-10-28T15:06:46</date>
  <millis>1446041206648</millis>
  <sequence>92</sequence>
  <logger>ESPlorer.ESPlorer</logger>
  <level>INFO</level>
  <class>ESPlorer.ESPlorer</class>
  <method>log</method>
  <thread>17</thread>
  <message>sending:_up(8,250,65)</message>
</record>
<record>
  <date>2015-10-28T15:06:47</date>
  <millis>1446041207298</millis>
  <sequence>93</sequence>
  <logger>ESPlorer.ESPlorer</logger>
  <level>INFO</level>
  <class>ESPlorer.ESPlorer</class>
  <method>log</method>
  <thread>47</thread>
  <message>Uploader: receiving checksum 1/8 check: Success</message>
</record>
<record>
  <date>2015-10-28T15:06:47</date>
  <millis>1446041207642</millis>
  <sequence>94</sequence>
  <logger>ESPlorer.ESPlorer</logger>
  <level>INFO</level>
  <class>ESPlorer.ESPlorer</class>
  <method>log</method>
  <thread>47</thread>
  <message>Uploader: receiving checksum 2/8 check: Success</message>
</record>
<record>
  <date>2015-10-28T15:06:47</date>
  <millis>1446041207982</millis>
  <sequence>95</sequence>
  <logger>ESPlorer.ESPlorer</logger>
  <level>INFO</level>
  <class>ESPlorer.ESPlorer</class>
  <method>log</method>
  <thread>47</thread>
  <message>Uploader: receiving checksum 3/8 check: Success</message>
</record>
<record>
  <date>2015-10-28T15:06:48</date>
  <millis>1446041208327</millis>
  <sequence>96</sequence>
  <logger>ESPlorer.ESPlorer</logger>
  <level>INFO</level>
  <class>ESPlorer.ESPlorer</class>
  <method>log</method>
  <thread>47</thread>
  <message>Uploader: receiving checksum 4/8 check: Success</message>
</record>
<record>
  <date>2015-10-28T15:06:48</date>
  <millis>1446041208668</millis>
  <sequence>97</sequence>
  <logger>ESPlorer.ESPlorer</logger>
  <level>INFO</level>
  <class>ESPlorer.ESPlorer</class>
  <method>log</method>
  <thread>47</thread>
  <message>Uploader: receiving checksum 5/8 check: Success</message>
</record>
<record>
  <date>2015-10-28T15:06:49</date>
  <millis>1446041209009</millis>
  <sequence>98</sequence>
  <logger>ESPlorer.ESPlorer</logger>
  <level>INFO</level>
  <class>ESPlorer.ESPlorer</class>
  <method>log</method>
  <thread>47</thread>
  <message>Uploader: receiving checksum 6/8 check: Success</message>
</record>
<record>
  <date>2015-10-28T15:06:49</date>
  <millis>1446041209351</millis>
  <sequence>99</sequence>
  <logger>ESPlorer.ESPlorer</logger>
  <level>INFO</level>
  <class>ESPlorer.ESPlorer</class>
  <method>log</method>
  <thread>47</thread>
  <message>Uploader: receiving checksum 7/8 check: Success</message>
</record>
<record>
  <date>2015-10-28T15:06:49</date>
  <millis>1446041209534</millis>
  <sequence>100</sequence>
  <logger>ESPlorer.ESPlorer</logger>
  <level>INFO</level>
  <class>ESPlorer.ESPlorer</class>
  <method>log</method>
  <thread>47</thread>
  <message>Uploader: receiving checksum 8/8 check: Success</message>
</record>
<record>
  <date>2015-10-28T15:06:49</date>
  <millis>1446041209534</millis>
  <sequence>101</sequence>
  <logger>ESPlorer.ESPlorer</logger>
  <level>INFO</level>
  <class>ESPlorer.ESPlorer</class>
  <method>log</method>
  <thread>47</thread>
  <message>sending:_up=nil</message>
</record>
<record>
  <date>2015-10-28T15:06:49</date>
  <millis>1446041209535</millis>
  <sequence>102</sequence>
  <logger>ESPlorer.ESPlorer</logger>
  <level>INFO</level>
  <class>ESPlorer.ESPlorer</class>
  <method>log</method>
  <thread>47</thread>
  <message>Uploader: Success</message>
</record>
<record>
  <date>2015-10-28T15:06:49</date>
  <millis>1446041209541</millis>
  <sequence>103</sequence>
  <logger>ESPlorer.ESPlorer</logger>
  <level>INFO</level>
  <class>ESPlorer.ESPlorer</class>
  <method>log</method>
  <thread>47</thread>
  <message>Operation done. Duration = 3720 ms</message>
</record>
<record>
  <date>2015-10-28T15:06:57</date>
  <millis>1446041217054</millis>
  <sequence>104</sequence>
  <logger>ESPlorer.ESPlorer</logger>
  <level>INFO</level>
  <class>ESPlorer.ESPlorer</class>
  <method>log</method>
  <thread>17</thread>
  <message>sending:node.restart()&lt;CR&gt;&lt;LF&gt;</message>
</record>
<record>
  <date>2015-10-28T15:06:57</date>
  <millis>1446041217054</millis>
  <sequence>105</sequence>
  <logger>ESPlorer.ESPlorer</logger>
  <level>INFO</level>
  <class>ESPlorer.ESPlorer</class>
  <method>log</method>
  <thread>17</thread>
  <message>Try to reconnect with saved baud 9600...</message>
</record>
<record>
  <date>2015-10-28T15:06:57</date>
  <millis>1446041217057</millis>
  <sequence>106</sequence>
  <logger>ESPlorer.ESPlorer</logger>
  <level>INFO</level>
  <class>ESPlorer.ESPlorer</class>
  <method>log</method>
  <thread>17</thread>
  <message>Reconnect: Success. Now we waiting for ESP reboot...</message>
</record>
<record>
  <date>2015-10-28T15:06:59</date>
  <millis>1446041219064</millis>
  <sequence>107</sequence>
  <logger>ESPlorer.ESPlorer</logger>
  <level>INFO</level>
  <class>ESPlorer.ESPlorer</class>
  <method>log</method>
  <thread>17</thread>
  <message>sending:&lt;CR&gt;&lt;LF&gt;</message>
</record>
<record>
  <date>2015-10-28T15:06:59</date>
  <millis>1446041219103</millis>
  <sequence>108</sequence>
  <logger>ESPlorer.ESPlorer</logger>
  <level>INFO</level>
  <class>ESPlorer.ESPlorer</class>
  <method>log</method>
  <thread>49</thread>
  <message>
Communication with MCU established.</message>
</record>
<record>
  <date>2015-10-28T15:07:17</date>
  <millis>1446041237933</millis>
  <sequence>109</sequence>
  <logger>ESPlorer.ESPlorer</logger>
  <level>INFO</level>
  <class>ESPlorer.ESPlorer</class>
  <method>log</method>
  <thread>17</thread>
  <message>Uploader: chooser selected file:0</message>
</record>
<record>
  <date>2015-10-28T15:07:17</date>
  <millis>1446041237934</millis>
  <sequence>110</sequence>
  <logger>ESPlorer.ESPlorer</logger>
  <level>INFO</level>
  <class>ESPlorer.ESPlorer</class>
  <method>log</method>
  <thread>17</thread>
  <message>BinaryFileLoader: Try to load file init.lua ...</message>
</record>
<record>
  <date>2015-10-28T15:07:17</date>
  <millis>1446041237936</millis>
  <sequence>111</sequence>
  <logger>ESPlorer.ESPlorer</logger>
  <level>INFO</level>
  <class>ESPlorer.ESPlorer</class>
  <method>log</method>
  <thread>17</thread>
  <message>BinaryFileLoader: Load file init.lua: Success, size:1054</message>
</record>
<record>
  <date>2015-10-28T15:07:17</date>
  <millis>1446041237936</millis>
  <sequence>112</sequence>
  <logger>ESPlorer.ESPlorer</logger>
  <level>INFO</level>
  <class>ESPlorer.ESPlorer</class>
  <method>log</method>
  <thread>17</thread>
  <message>1. packets = 4</message>
</record>
<record>
  <date>2015-10-28T15:07:17</date>
  <millis>1446041237937</millis>
  <sequence>113</sequence>
  <logger>ESPlorer.ESPlorer</logger>
  <level>INFO</level>
  <class>ESPlorer.ESPlorer</class>
  <method>log</method>
  <thread>17</thread>
  <message>2. packets = 5</message>
</record>
<record>
  <date>2015-10-28T15:07:17</date>
  <millis>1446041237937</millis>
  <sequence>114</sequence>
  <logger>ESPlorer.ESPlorer</logger>
  <level>INFO</level>
  <class>ESPlorer.ESPlorer</class>
  <method>log</method>
  <thread>17</thread>
  <message>3. packet = 0</message>
</record>
<record>
  <date>2015-10-28T15:07:17</date>
  <millis>1446041237937</millis>
  <sequence>115</sequence>
  <logger>ESPlorer.ESPlorer</logger>
  <level>INFO</level>
  <class>ESPlorer.ESPlorer</class>
  <method>log</method>
  <thread>17</thread>
  <message>BinaryFileLoader: Prepare next packet for send, len=250</message>
</record>
<record>
  <date>2015-10-28T15:07:17</date>
  <millis>1446041237937</millis>
  <sequence>116</sequence>
  <logger>ESPlorer.ESPlorer</logger>
  <level>INFO</level>
  <class>ESPlorer.ESPlorer</class>
  <method>log</method>
  <thread>17</thread>
  <message>3. packet = 1</message>
</record>
<record>
  <date>2015-10-28T15:07:17</date>
  <millis>1446041237937</millis>
  <sequence>117</sequence>
  <logger>ESPlorer.ESPlorer</logger>
  <level>INFO</level>
  <class>ESPlorer.ESPlorer</class>
  <method>log</method>
  <thread>17</thread>
  <message>BinaryFileLoader: Prepare next packet for send, len=250</message>
</record>
<record>
  <date>2015-10-28T15:07:17</date>
  <millis>1446041237938</millis>
  <sequence>118</sequence>
  <logger>ESPlorer.ESPlorer</logger>
  <level>INFO</level>
  <class>ESPlorer.ESPlorer</class>
  <method>log</method>
  <thread>17</thread>
  <message>3. packet = 2</message>
</record>
<record>
  <date>2015-10-28T15:07:17</date>
  <millis>1446041237938</millis>
  <sequence>119</sequence>
  <logger>ESPlorer.ESPlorer</logger>
  <level>INFO</level>
  <class>ESPlorer.ESPlorer</class>
  <method>log</method>
  <thread>17</thread>
  <message>BinaryFileLoader: Prepare next packet for send, len=250</message>
</record>
<record>
  <date>2015-10-28T15:07:17</date>
  <millis>1446041237938</millis>
  <sequence>120</sequence>
  <logger>ESPlorer.ESPlorer</logger>
  <level>INFO</level>
  <class>ESPlorer.ESPlorer</class>
  <method>log</method>
  <thread>17</thread>
  <message>3. packet = 3</message>
</record>
<record>
  <date>2015-10-28T15:07:17</date>
  <millis>1446041237938</millis>
  <sequence>121</sequence>
  <logger>ESPlorer.ESPlorer</logger>
  <level>INFO</level>
  <class>ESPlorer.ESPlorer</class>
  <method>log</method>
  <thread>17</thread>
  <message>BinaryFileLoader: Prepare next packet for send, len=250</message>
</record>
<record>
  <date>2015-10-28T15:07:17</date>
  <millis>1446041237938</millis>
  <sequence>122</sequence>
  <logger>ESPlorer.ESPlorer</logger>
  <level>INFO</level>
  <class>ESPlorer.ESPlorer</class>
  <method>log</method>
  <thread>17</thread>
  <message>3. packet = 4</message>
</record>
<record>
  <date>2015-10-28T15:07:17</date>
  <millis>1446041237939</millis>
  <sequence>123</sequence>
  <logger>ESPlorer.ESPlorer</logger>
  <level>INFO</level>
  <class>ESPlorer.ESPlorer</class>
  <method>log</method>
  <thread>17</thread>
  <message>BinaryFileLoader: Prepare next packet for send, len=54</message>
</record>
<record>
  <date>2015-10-28T15:07:17</date>
  <millis>1446041237939</millis>
  <sequence>124</sequence>
  <logger>ESPlorer.ESPlorer</logger>
  <level>INFO</level>
  <class>ESPlorer.ESPlorer</class>
  <method>log</method>
  <thread>17</thread>
  <message>BinaryFileLoader: Total packets prepared=5</message>
</record>
<record>
  <date>2015-10-28T15:07:17</date>
  <millis>1446041237939</millis>
  <sequence>125</sequence>
  <logger>ESPlorer.ESPlorer</logger>
  <level>INFO</level>
  <class>ESPlorer.ESPlorer</class>
  <method>log</method>
  <thread>17</thread>
  <message>sendPackets=5</message>
</record>
<record>
  <date>2015-10-28T15:07:17</date>
  <millis>1446041237939</millis>
  <sequence>126</sequence>
  <logger>ESPlorer.ESPlorer</logger>
  <level>INFO</level>
  <class>ESPlorer.ESPlorer</class>
  <method>log</method>
  <thread>17</thread>
  <message>Uploader: Starting...</message>
</record>
<record>
  <date>2015-10-28T15:07:17</date>
  <millis>1446041237959</millis>
  <sequence>127</sequence>
  <logger>ESPlorer.ESPlorer</logger>
  <level>INFO</level>
  <class>ESPlorer.ESPlorer</class>
  <method>log</method>
  <thread>17</thread>
  <message>Uploader: Add EventListener: Success.</message>
</record>
<record>
  <date>2015-10-28T15:07:17</date>
  <millis>1446041237960</millis>
  <sequence>128</sequence>
  <logger>ESPlorer.ESPlorer</logger>
  <level>INFO</level>
  <class>ESPlorer.ESPlorer</class>
  <method>log</method>
  <thread>17</thread>
  <message>Uploader: Start</message>
</record>
<record>
  <date>2015-10-28T15:07:18</date>
  <millis>1446041238060</millis>
  <sequence>129</sequence>
  <logger>ESPlorer.ESPlorer</logger>
  <level>INFO</level>
  <class>ESPlorer.ESPlorer</class>
  <method>log</method>
  <thread>17</thread>
  <message>sending: _up=function(n,l,ll) local cs = 0 local i = 0 print("&gt;".." ") uart.on("data", l, function(b) i = i + 1 file.open("init.lua",'a+') file.write(b) file.close() cs=0 for j=1, l do cs = cs + (b:byte(j)*20)%19 end</message>
</record>
<record>
  <date>2015-10-28T15:07:18</date>
  <millis>1446041238461</millis>
  <sequence>130</sequence>
  <logger>ESPlorer.ESPlorer</logger>
  <level>INFO</level>
  <class>ESPlorer.ESPlorer</class>
  <method>log</method>
  <thread>17</thread>
  <message>sending:          uart.write(0,"~~~CRC-".."START~~~"..cs.."~~~CRC-".."END~~~") if i == n then uart.on("data") end if i == n-1 and ll&gt;0 then _up(1,ll,ll) end end,0) end file.remove("init.lua")</message>
</record>
<record>
  <date>2015-10-28T15:07:18</date>
  <millis>1446041238882</millis>
  <sequence>131</sequence>
  <logger>ESPlorer.ESPlorer</logger>
  <level>INFO</level>
  <class>ESPlorer.ESPlorer</class>
  <method>log</method>
  <thread>17</thread>
  <message>sending:_up(5,250,54)</message>
</record>
<record>
  <date>2015-10-28T15:07:19</date>
  <millis>1446041239531</millis>
  <sequence>132</sequence>
  <logger>ESPlorer.ESPlorer</logger>
  <level>INFO</level>
  <class>ESPlorer.ESPlorer</class>
  <method>log</method>
  <thread>58</thread>
  <message>Uploader: receiving checksum 1/5 check: Success</message>
</record>
<record>
  <date>2015-10-28T15:07:19</date>
  <millis>1446041239872</millis>
  <sequence>133</sequence>
  <logger>ESPlorer.ESPlorer</logger>
  <level>INFO</level>
  <class>ESPlorer.ESPlorer</class>
  <method>log</method>
  <thread>58</thread>
  <message>Uploader: receiving checksum 2/5 check: Success</message>
</record>
<record>
  <date>2015-10-28T15:07:20</date>
  <millis>1446041240214</millis>
  <sequence>134</sequence>
  <logger>ESPlorer.ESPlorer</logger>
  <level>INFO</level>
  <class>ESPlorer.ESPlorer</class>
  <method>log</method>
  <thread>58</thread>
  <message>Uploader: receiving checksum 3/5 check: Success</message>
</record>
<record>
  <date>2015-10-28T15:07:20</date>
  <millis>1446041240554</millis>
  <sequence>135</sequence>
  <logger>ESPlorer.ESPlorer</logger>
  <level>INFO</level>
  <class>ESPlorer.ESPlorer</class>
  <method>log</method>
  <thread>58</thread>
  <message>Uploader: receiving checksum 4/5 check: Success</message>
</record>
<record>
  <date>2015-10-28T15:07:20</date>
  <millis>1446041240731</millis>
  <sequence>136</sequence>
  <logger>ESPlorer.ESPlorer</logger>
  <level>INFO</level>
  <class>ESPlorer.ESPlorer</class>
  <method>log</method>
  <thread>58</thread>
  <message>Uploader: receiving checksum 5/5 check: Success</message>
</record>
<record>
  <date>2015-10-28T15:07:20</date>
  <millis>1446041240731</millis>
  <sequence>137</sequence>
  <logger>ESPlorer.ESPlorer</logger>
  <level>INFO</level>
  <class>ESPlorer.ESPlorer</class>
  <method>log</method>
  <thread>58</thread>
  <message>sending:_up=nil</message>
</record>
<record>
  <date>2015-10-28T15:07:20</date>
  <millis>1446041240732</millis>
  <sequence>138</sequence>
  <logger>ESPlorer.ESPlorer</logger>
  <level>INFO</level>
  <class>ESPlorer.ESPlorer</class>
  <method>log</method>
  <thread>58</thread>
  <message>Uploader: Success</message>
</record>
<record>
  <date>2015-10-28T15:07:20</date>
  <millis>1446041240743</millis>
  <sequence>139</sequence>
  <logger>ESPlorer.ESPlorer</logger>
  <level>INFO</level>
  <class>ESPlorer.ESPlorer</class>
  <method>log</method>
  <thread>58</thread>
  <message>Operation done. Duration = 2803 ms</message>
</record>
<record>
  <date>2015-10-28T15:07:23</date>
  <millis>1446041243736</millis>
  <sequence>140</sequence>
  <logger>ESPlorer.ESPlorer</logger>
  <level>INFO</level>
  <class>ESPlorer.ESPlorer</class>
  <method>log</method>
  <thread>17</thread>
  <message>sending:node.restart()&lt;CR&gt;&lt;LF&gt;</message>
</record>
<record>
  <date>2015-10-28T15:07:23</date>
  <millis>1446041243737</millis>
  <sequence>141</sequence>
  <logger>ESPlorer.ESPlorer</logger>
  <level>INFO</level>
  <class>ESPlorer.ESPlorer</class>
  <method>log</method>
  <thread>17</thread>
  <message>Try to reconnect with saved baud 9600...</message>
</record>
<record>
  <date>2015-10-28T15:07:23</date>
  <millis>1446041243739</millis>
  <sequence>142</sequence>
  <logger>ESPlorer.ESPlorer</logger>
  <level>INFO</level>
  <class>ESPlorer.ESPlorer</class>
  <method>log</method>
  <thread>17</thread>
  <message>Reconnect: Success. Now we waiting for ESP reboot...</message>
</record>
<record>
  <date>2015-10-28T15:07:25</date>
  <millis>1446041245749</millis>
  <sequence>143</sequence>
  <logger>ESPlorer.ESPlorer</logger>
  <level>INFO</level>
  <class>ESPlorer.ESPlorer</class>
  <method>log</method>
  <thread>17</thread>
  <message>sending:&lt;CR&gt;&lt;LF&gt;</message>
</record>
<record>
  <date>2015-10-28T15:07:25</date>
  <millis>1446041245789</millis>
  <sequence>144</sequence>
  <logger>ESPlorer.ESPlorer</logger>
  <level>INFO</level>
  <class>ESPlorer.ESPlorer</class>
  <method>log</method>
  <thread>60</thread>
  <message>
Communication with MCU established.</message>
</record>
<record>
  <date>2015-10-28T15:07:31</date>
  <millis>1446041251300</millis>
  <sequence>145</sequence>
  <logger>ESPlorer.ESPlorer</logger>
  <level>INFO</level>
  <class>ESPlorer.ESPlorer</class>
  <method>log</method>
  <thread>17</thread>
  <message>DataSender: start "Smart Mode"</message>
</record>
<record>
  <date>2015-10-28T15:07:31</date>
  <millis>1446041251301</millis>
  <sequence>146</sequence>
  <logger>ESPlorer.ESPlorer</logger>
  <level>INFO</level>
  <class>ESPlorer.ESPlorer</class>
  <method>log</method>
  <thread>17</thread>
  <message>SendToESP: Starting...</message>
</record>
<record>
  <date>2015-10-28T15:07:31</date>
  <millis>1446041251381</millis>
  <sequence>147</sequence>
  <logger>ESPlorer.ESPlorer</logger>
  <level>INFO</level>
  <class>ESPlorer.ESPlorer</class>
  <method>log</method>
  <thread>17</thread>
  <message>sending:&lt;CR&gt;&lt;LF&gt;</message>
</record>
<record>
  <date>2015-10-28T15:07:31</date>
  <millis>1446041251425</millis>
  <sequence>148</sequence>
  <logger>ESPlorer.ESPlorer</logger>
  <level>INFO</level>
  <class>ESPlorer.ESPlorer</class>
  <method>log</method>
  <thread>61</thread>
  <message>recv:</message>
</record>
<record>
  <date>2015-10-28T15:07:31</date>
  <millis>1446041251431</millis>
  <sequence>149</sequence>
  <logger>ESPlorer.ESPlorer</logger>
  <level>INFO</level>
  <class>ESPlorer.ESPlorer</class>
  <method>log</method>
  <thread>61</thread>
  <message>Operation done. Duration = 134 ms</message>
</record>
<record>
  <date>2015-10-28T15:09:19</date>
  <millis>1446041359316</millis>
  <sequence>150</sequence>
  <logger>ESPlorer.ESPlorer</logger>
  <level>INFO</level>
  <class>ESPlorer.ESPlorer</class>
  <method>log</method>
  <thread>17</thread>
  <message>sending:node.restart()&lt;CR&gt;&lt;LF&gt;</message>
</record>
<record>
  <date>2015-10-28T15:09:19</date>
  <millis>1446041359316</millis>
  <sequence>151</sequence>
  <logger>ESPlorer.ESPlorer</logger>
  <level>INFO</level>
  <class>ESPlorer.ESPlorer</class>
  <method>log</method>
  <thread>17</thread>
  <message>Try to reconnect with saved baud 9600...</message>
</record>
<record>
  <date>2015-10-28T15:09:19</date>
  <millis>1446041359319</millis>
  <sequence>152</sequence>
  <logger>ESPlorer.ESPlorer</logger>
  <level>INFO</level>
  <class>ESPlorer.ESPlorer</class>
  <method>log</method>
  <thread>17</thread>
  <message>Reconnect: Success. Now we waiting for ESP reboot...</message>
</record>
<record>
  <date>2015-10-28T15:09:21</date>
  <millis>1446041361325</millis>
  <sequence>153</sequence>
  <logger>ESPlorer.ESPlorer</logger>
  <level>INFO</level>
  <class>ESPlorer.ESPlorer</class>
  <method>log</method>
  <thread>17</thread>
  <message>sending:&lt;CR&gt;&lt;LF&gt;</message>
</record>
<record>
  <date>2015-10-28T15:09:21</date>
  <millis>1446041361368</millis>
  <sequence>154</sequence>
  <logger>ESPlorer.ESPlorer</logger>
  <level>INFO</level>
  <class>ESPlorer.ESPlorer</class>
  <method>log</method>
  <thread>62</thread>
  <message>
Communication with MCU established.</message>
</record>
<record>
  <date>2015-10-28T15:09:25</date>
  <millis>1446041365981</millis>
  <sequence>155</sequence>
  <logger>ESPlorer.ESPlorer</logger>
  <level>INFO</level>
  <class>ESPlorer.ESPlorer</class>
  <method>log</method>
  <thread>17</thread>
  <message>sending:=node.flashid()&lt;CR&gt;&lt;LF&gt;</message>
</record>
<record>
  <date>2015-10-28T15:09:36</date>
  <millis>1446041376876</millis>
  <sequence>156</sequence>
  <logger>ESPlorer.ESPlorer</logger>
  <level>INFO</level>
  <class>ESPlorer.ESPlorer</class>
  <method>log</method>
  <thread>17</thread>
  <message>sending:file.format()&lt;CR&gt;&lt;LF&gt;</message>
</record>
<record>
  <date>2015-10-28T15:10:05</date>
  <millis>1446041405964</millis>
  <sequence>157</sequence>
  <logger>ESPlorer.ESPlorer</logger>
  <level>INFO</level>
  <class>ESPlorer.ESPlorer</class>
  <method>log</method>
  <thread>17</thread>
  <message>Uploader: chooser selected file:0</message>
</record>
<record>
  <date>2015-10-28T15:10:05</date>
  <millis>1446041405965</millis>
  <sequence>158</sequence>
  <logger>ESPlorer.ESPlorer</logger>
  <level>INFO</level>
  <class>ESPlorer.ESPlorer</class>
  <method>log</method>
  <thread>17</thread>
  <message>BinaryFileLoader: Try to load file init.lua ...</message>
</record>
<record>
  <date>2015-10-28T15:10:05</date>
  <millis>1446041405966</millis>
  <sequence>159</sequence>
  <logger>ESPlorer.ESPlorer</logger>
  <level>INFO</level>
  <class>ESPlorer.ESPlorer</class>
  <method>log</method>
  <thread>17</thread>
  <message>BinaryFileLoader: Load file init.lua: Success, size:1054</message>
</record>
<record>
  <date>2015-10-28T15:10:05</date>
  <millis>1446041405966</millis>
  <sequence>160</sequence>
  <logger>ESPlorer.ESPlorer</logger>
  <level>INFO</level>
  <class>ESPlorer.ESPlorer</class>
  <method>log</method>
  <thread>17</thread>
  <message>1. packets = 4</message>
</record>
<record>
  <date>2015-10-28T15:10:05</date>
  <millis>1446041405966</millis>
  <sequence>161</sequence>
  <logger>ESPlorer.ESPlorer</logger>
  <level>INFO</level>
  <class>ESPlorer.ESPlorer</class>
  <method>log</method>
  <thread>17</thread>
  <message>2. packets = 5</message>
</record>
<record>
  <date>2015-10-28T15:10:05</date>
  <millis>1446041405966</millis>
  <sequence>162</sequence>
  <logger>ESPlorer.ESPlorer</logger>
  <level>INFO</level>
  <class>ESPlorer.ESPlorer</class>
  <method>log</method>
  <thread>17</thread>
  <message>3. packet = 0</message>
</record>
<record>
  <date>2015-10-28T15:10:05</date>
  <millis>1446041405966</millis>
  <sequence>163</sequence>
  <logger>ESPlorer.ESPlorer</logger>
  <level>INFO</level>
  <class>ESPlorer.ESPlorer</class>
  <method>log</method>
  <thread>17</thread>
  <message>BinaryFileLoader: Prepare next packet for send, len=250</message>
</record>
<record>
  <date>2015-10-28T15:10:05</date>
  <millis>1446041405967</millis>
  <sequence>164</sequence>
  <logger>ESPlorer.ESPlorer</logger>
  <level>INFO</level>
  <class>ESPlorer.ESPlorer</class>
  <method>log</method>
  <thread>17</thread>
  <message>3. packet = 1</message>
</record>
<record>
  <date>2015-10-28T15:10:05</date>
  <millis>1446041405967</millis>
  <sequence>165</sequence>
  <logger>ESPlorer.ESPlorer</logger>
  <level>INFO</level>
  <class>ESPlorer.ESPlorer</class>
  <method>log</method>
  <thread>17</thread>
  <message>BinaryFileLoader: Prepare next packet for send, len=250</message>
</record>
<record>
  <date>2015-10-28T15:10:05</date>
  <millis>1446041405967</millis>
  <sequence>166</sequence>
  <logger>ESPlorer.ESPlorer</logger>
  <level>INFO</level>
  <class>ESPlorer.ESPlorer</class>
  <method>log</method>
  <thread>17</thread>
  <message>3. packet = 2</message>
</record>
<record>
  <date>2015-10-28T15:10:05</date>
  <millis>1446041405967</millis>
  <sequence>167</sequence>
  <logger>ESPlorer.ESPlorer</logger>
  <level>INFO</level>
  <class>ESPlorer.ESPlorer</class>
  <method>log</method>
  <thread>17</thread>
  <message>BinaryFileLoader: Prepare next packet for send, len=250</message>
</record>
<record>
  <date>2015-10-28T15:10:05</date>
  <millis>1446041405967</millis>
  <sequence>168</sequence>
  <logger>ESPlorer.ESPlorer</logger>
  <level>INFO</level>
  <class>ESPlorer.ESPlorer</class>
  <method>log</method>
  <thread>17</thread>
  <message>3. packet = 3</message>
</record>
<record>
  <date>2015-10-28T15:10:05</date>
  <millis>1446041405967</millis>
  <sequence>169</sequence>
  <logger>ESPlorer.ESPlorer</logger>
  <level>INFO</level>
  <class>ESPlorer.ESPlorer</class>
  <method>log</method>
  <thread>17</thread>
  <message>BinaryFileLoader: Prepare next packet for send, len=250</message>
</record>
<record>
  <date>2015-10-28T15:10:05</date>
  <millis>1446041405968</millis>
  <sequence>170</sequence>
  <logger>ESPlorer.ESPlorer</logger>
  <level>INFO</level>
  <class>ESPlorer.ESPlorer</class>
  <method>log</method>
  <thread>17</thread>
  <message>3. packet = 4</message>
</record>
<record>
  <date>2015-10-28T15:10:05</date>
  <millis>1446041405968</millis>
  <sequence>171</sequence>
  <logger>ESPlorer.ESPlorer</logger>
  <level>INFO</level>
  <class>ESPlorer.ESPlorer</class>
  <method>log</method>
  <thread>17</thread>
  <message>BinaryFileLoader: Prepare next packet for send, len=54</message>
</record>
<record>
  <date>2015-10-28T15:10:05</date>
  <millis>1446041405968</millis>
  <sequence>172</sequence>
  <logger>ESPlorer.ESPlorer</logger>
  <level>INFO</level>
  <class>ESPlorer.ESPlorer</class>
  <method>log</method>
  <thread>17</thread>
  <message>BinaryFileLoader: Total packets prepared=5</message>
</record>
<record>
  <date>2015-10-28T15:10:05</date>
  <millis>1446041405968</millis>
  <sequence>173</sequence>
  <logger>ESPlorer.ESPlorer</logger>
  <level>INFO</level>
  <class>ESPlorer.ESPlorer</class>
  <method>log</method>
  <thread>17</thread>
  <message>sendPackets=5</message>
</record>
<record>
  <date>2015-10-28T15:10:05</date>
  <millis>1446041405968</millis>
  <sequence>174</sequence>
  <logger>ESPlorer.ESPlorer</logger>
  <level>INFO</level>
  <class>ESPlorer.ESPlorer</class>
  <method>log</method>
  <thread>17</thread>
  <message>Uploader: Starting...</message>
</record>
<record>
  <date>2015-10-28T15:10:05</date>
  <millis>1446041405992</millis>
  <sequence>175</sequence>
  <logger>ESPlorer.ESPlorer</logger>
  <level>INFO</level>
  <class>ESPlorer.ESPlorer</class>
  <method>log</method>
  <thread>17</thread>
  <message>Uploader: Add EventListener: Success.</message>
</record>
<record>
  <date>2015-10-28T15:10:05</date>
  <millis>1446041405992</millis>
  <sequence>176</sequence>
  <logger>ESPlorer.ESPlorer</logger>
  <level>INFO</level>
  <class>ESPlorer.ESPlorer</class>
  <method>log</method>
  <thread>17</thread>
  <message>Uploader: Start</message>
</record>
<record>
  <date>2015-10-28T15:10:06</date>
  <millis>1446041406082</millis>
  <sequence>177</sequence>
  <logger>ESPlorer.ESPlorer</logger>
  <level>INFO</level>
  <class>ESPlorer.ESPlorer</class>
  <method>log</method>
  <thread>17</thread>
  <message>sending: _up=function(n,l,ll) local cs = 0 local i = 0 print("&gt;".." ") uart.on("data", l, function(b) i = i + 1 file.open("init.lua",'a+') file.write(b) file.close() cs=0 for j=1, l do cs = cs + (b:byte(j)*20)%19 end</message>
</record>
<record>
  <date>2015-10-28T15:10:06</date>
  <millis>1446041406449</millis>
  <sequence>178</sequence>
  <logger>ESPlorer.ESPlorer</logger>
  <level>INFO</level>
  <class>ESPlorer.ESPlorer</class>
  <method>log</method>
  <thread>17</thread>
  <message>sending:          uart.write(0,"~~~CRC-".."START~~~"..cs.."~~~CRC-".."END~~~") if i == n then uart.on("data") end if i == n-1 and ll&gt;0 then _up(1,ll,ll) end end,0) end file.remove("init.lua")</message>
</record>
<record>
  <date>2015-10-28T15:10:06</date>
  <millis>1446041406843</millis>
  <sequence>179</sequence>
  <logger>ESPlorer.ESPlorer</logger>
  <level>INFO</level>
  <class>ESPlorer.ESPlorer</class>
  <method>log</method>
  <thread>17</thread>
  <message>sending:_up(5,250,54)</message>
</record>
<record>
  <date>2015-10-28T15:10:07</date>
  <millis>1446041407494</millis>
  <sequence>180</sequence>
  <logger>ESPlorer.ESPlorer</logger>
  <level>INFO</level>
  <class>ESPlorer.ESPlorer</class>
  <method>log</method>
  <thread>68</thread>
  <message>Uploader: receiving checksum 1/5 check: Success</message>
</record>
<record>
  <date>2015-10-28T15:10:07</date>
  <millis>1446041407832</millis>
  <sequence>181</sequence>
  <logger>ESPlorer.ESPlorer</logger>
  <level>INFO</level>
  <class>ESPlorer.ESPlorer</class>
  <method>log</method>
  <thread>68</thread>
  <message>Uploader: receiving checksum 2/5 check: Success</message>
</record>
<record>
  <date>2015-10-28T15:10:08</date>
  <millis>1446041408173</millis>
  <sequence>182</sequence>
  <logger>ESPlorer.ESPlorer</logger>
  <level>INFO</level>
  <class>ESPlorer.ESPlorer</class>
  <method>log</method>
  <thread>68</thread>
  <message>Uploader: receiving checksum 3/5 check: Success</message>
</record>
<record>
  <date>2015-10-28T15:10:08</date>
  <millis>1446041408512</millis>
  <sequence>183</sequence>
  <logger>ESPlorer.ESPlorer</logger>
  <level>INFO</level>
  <class>ESPlorer.ESPlorer</class>
  <method>log</method>
  <thread>68</thread>
  <message>Uploader: receiving checksum 4/5 check: Success</message>
</record>
<record>
  <date>2015-10-28T15:10:08</date>
  <millis>1446041408690</millis>
  <sequence>184</sequence>
  <logger>ESPlorer.ESPlorer</logger>
  <level>INFO</level>
  <class>ESPlorer.ESPlorer</class>
  <method>log</method>
  <thread>68</thread>
  <message>Uploader: receiving checksum 5/5 check: Success</message>
</record>
<record>
  <date>2015-10-28T15:10:08</date>
  <millis>1446041408691</millis>
  <sequence>185</sequence>
  <logger>ESPlorer.ESPlorer</logger>
  <level>INFO</level>
  <class>ESPlorer.ESPlorer</class>
  <method>log</method>
  <thread>68</thread>
  <message>sending:_up=nil</message>
</record>
<record>
  <date>2015-10-28T15:10:08</date>
  <millis>1446041408692</millis>
  <sequence>186</sequence>
  <logger>ESPlorer.ESPlorer</logger>
  <level>INFO</level>
  <class>ESPlorer.ESPlorer</class>
  <method>log</method>
  <thread>68</thread>
  <message>Uploader: Success</message>
</record>
<record>
  <date>2015-10-28T15:10:08</date>
  <millis>1446041408697</millis>
  <sequence>187</sequence>
  <logger>ESPlorer.ESPlorer</logger>
  <level>INFO</level>
  <class>ESPlorer.ESPlorer</class>
  <method>log</method>
  <thread>68</thread>
  <message>Operation done. Duration = 2729 ms</message>
</record>
<record>
  <date>2015-10-28T15:10:17</date>
  <millis>1446041417973</millis>
  <sequence>188</sequence>
  <logger>ESPlorer.ESPlorer</logger>
  <level>INFO</level>
  <class>ESPlorer.ESPlorer</class>
  <method>log</method>
  <thread>17</thread>
  <message>sending:node.restart()&lt;CR&gt;&lt;LF&gt;</message>
</record>
<record>
  <date>2015-10-28T15:10:17</date>
  <millis>1446041417973</millis>
  <sequence>189</sequence>
  <logger>ESPlorer.ESPlorer</logger>
  <level>INFO</level>
  <class>ESPlorer.ESPlorer</class>
  <method>log</method>
  <thread>17</thread>
  <message>Try to reconnect with saved baud 9600...</message>
</record>
<record>
  <date>2015-10-28T15:10:17</date>
  <millis>1446041417976</millis>
  <sequence>190</sequence>
  <logger>ESPlorer.ESPlorer</logger>
  <level>INFO</level>
  <class>ESPlorer.ESPlorer</class>
  <method>log</method>
  <thread>17</thread>
  <message>Reconnect: Success. Now we waiting for ESP reboot...</message>
</record>
<record>
  <date>2015-10-28T15:10:19</date>
  <millis>1446041419984</millis>
  <sequence>191</sequence>
  <logger>ESPlorer.ESPlorer</logger>
  <level>INFO</level>
  <class>ESPlorer.ESPlorer</class>
  <method>log</method>
  <thread>17</thread>
  <message>sending:&lt;CR&gt;&lt;LF&gt;</message>
</record>
<record>
  <date>2015-10-28T15:10:20</date>
  <millis>1446041420039</millis>
  <sequence>192</sequence>
  <logger>ESPlorer.ESPlorer</logger>
  <level>INFO</level>
  <class>ESPlorer.ESPlorer</class>
  <method>log</method>
  <thread>70</thread>
  <message>
Communication with MCU established.</message>
</record>
